2023-07-24 15:44:48 - INFO - ACES2065_1 Color Check
2023-07-24 15:44:48 - INFO - Loading image...
2023-07-24 15:44:48 - INFO - Successfully loaded ACES2065_1_1920_1080.exr
2023-07-24 15:44:48 - INFO - Color checking starting...
2023-07-24 15:44:48 - INFO - Color name: Dark Skin
2023-07-24 15:44:48 - INFO - Expected RGB: [0.118, 0.088, 0.062]
2023-07-24 15:44:48 - INFO - Actual RGB: [0.11761475 0.08782959 0.06185913]
2023-07-24 15:44:48 - INFO - Accuracy: 99.98%
2023-07-24 15:44:48 - INFO - Color name: Light Skin
2023-07-24 15:44:48 - INFO - Expected RGB: [0.401, 0.31, 0.234]
2023-07-24 15:44:48 - INFO - Actual RGB: [0.40063477 0.31030273 0.23352051]
2023-07-24 15:44:48 - INFO - Accuracy: 99.96%
2023-07-24 15:44:48 - INFO - Color name: Blue Sky
2023-07-24 15:44:48 - INFO - Expected RGB: [0.18, 0.201, 0.311]
2023-07-24 15:44:48 - INFO - Actual RGB: [0.17956543 0.2010498  0.3112793 ]
2023-07-24 15:44:48 - INFO - Accuracy: 99.97%
2023-07-24 15:44:48 - INFO - Color name: Foliage
2023-07-24 15:44:48 - INFO - Expected RGB: [0.111, 0.135, 0.064]
2023-07-24 15:44:48 - INFO - Actual RGB: [0.11071777 0.13500977 0.06445312]
2023-07-24 15:44:48 - INFO - Accuracy: 99.98%
2023-07-24 15:44:48 - INFO - Color name: Blue Flower
2023-07-24 15:44:48 - INFO - Expected RGB: [0.258, 0.238, 0.405]
2023-07-24 15:44:48 - INFO - Actual RGB: [0.25756836 0.23803711 0.40478516]
2023-07-24 15:44:48 - INFO - Accuracy: 99.98%
2023-07-24 15:44:48 - INFO - Color name: Bluish Green
2023-07-24 15:44:48 - INFO - Expected RGB: [0.317, 0.468, 0.42]
2023-07-24 15:44:48 - INFO - Actual RGB: [0.3173828  0.4675293  0.41967773]
2023-07-24 15:44:48 - INFO - Accuracy: 99.96%
2023-07-24 15:44:48 - INFO - Color name: Orange
2023-07-24 15:44:48 - INFO - Expected RGB: [0.41, 0.233, 0.062]
2023-07-24 15:44:48 - INFO - Actual RGB: [0.4104004  0.23291016 0.06170654]
2023-07-24 15:44:48 - INFO - Accuracy: 99.97%
2023-07-24 15:44:48 - INFO - Color name: Purplish Blue
2023-07-24 15:44:48 - INFO - Expected RGB: [0.137, 0.13, 0.361]
2023-07-24 15:44:48 - INFO - Actual RGB: [0.13745117 0.1303711  0.36132812]
2023-07-24 15:44:48 - INFO - Accuracy: 99.96%
2023-07-24 15:44:48 - INFO - Color name: Moderate Red
2023-07-24 15:44:48 - INFO - Expected RGB: [0.303, 0.131, 0.123]
2023-07-24 15:44:48 - INFO - Actual RGB: [0.30297852 0.13134766 0.12347412]
2023-07-24 15:44:48 - INFO - Accuracy: 99.97%
2023-07-24 15:44:48 - INFO - Color name: Purple
2023-07-24 15:44:48 - INFO - Expected RGB: [0.091, 0.058, 0.13]
2023-07-24 15:44:48 - INFO - Actual RGB: [0.09057617 0.05847168 0.1303711 ]
2023-07-24 15:44:48 - INFO - Accuracy: 99.96%
2023-07-24 15:44:48 - INFO - Color name: Yellow Green
2023-07-24 15:44:48 - INFO - Expected RGB: [0.355, 0.448, 0.11]
2023-07-24 15:44:48 - INFO - Actual RGB: [0.35473633 0.44848633 0.10974121]
2023-07-24 15:44:48 - INFO - Accuracy: 99.97%
2023-07-24 15:44:48 - INFO - Color name: Orange Yellow
2023-07-24 15:44:48 - INFO - Expected RGB: [0.49, 0.365, 0.075]
2023-07-24 15:44:48 - INFO - Actual RGB: [0.49047852 0.36523438 0.07501221]
2023-07-24 15:44:48 - INFO - Accuracy: 99.98%
2023-07-24 15:44:48 - INFO - Color name: Blue
2023-07-24 15:44:48 - INFO - Expected RGB: [0.079, 0.071, 0.258]
2023-07-24 15:44:48 - INFO - Actual RGB: [0.07891846 0.07116699 0.25830078]
2023-07-24 15:44:48 - INFO - Accuracy: 99.98%
2023-07-24 15:44:48 - INFO - Color name: Green
2023-07-24 15:44:48 - INFO - Expected RGB: [0.151, 0.255, 0.096]
2023-07-24 15:44:48 - INFO - Actual RGB: [0.15124512 0.25512695 0.09625244]
2023-07-24 15:44:48 - INFO - Accuracy: 99.98%
2023-07-24 15:44:48 - INFO - Color name: Red
2023-07-24 15:44:48 - INFO - Expected RGB: [0.22, 0.07, 0.047]
2023-07-24 15:44:48 - INFO - Actual RGB: [0.21960449 0.06988525 0.04705811]
2023-07-24 15:44:48 - INFO - Accuracy: 99.98%
2023-07-24 15:44:48 - INFO - Color name: Yellow
2023-07-24 15:44:48 - INFO - Expected RGB: [0.595, 0.538, 0.089]
2023-07-24 15:44:48 - INFO - Actual RGB: [0.59472656 0.53808594 0.08917236]
2023-07-24 15:44:48 - INFO - Accuracy: 99.98%
2023-07-24 15:44:48 - INFO - Color name: Magenta
2023-07-24 15:44:48 - INFO - Expected RGB: [0.324, 0.151, 0.285]
2023-07-24 15:44:48 - INFO - Actual RGB: [0.32373047 0.1505127  0.2854004 ]
2023-07-24 15:44:48 - INFO - Accuracy: 99.96%
2023-07-24 15:44:48 - INFO - Color name: Cyan
2023-07-24 15:44:48 - INFO - Expected RGB: [0.149, 0.236, 0.374]
2023-07-24 15:44:48 - INFO - Actual RGB: [0.14916992 0.2364502  0.37426758]
2023-07-24 15:44:48 - INFO - Accuracy: 99.97%
2023-07-24 15:44:48 - INFO - Color name: White 9.5 (.05 D)
2023-07-24 15:44:48 - INFO - Expected RGB: [0.91, 0.913, 0.897]
2023-07-24 15:44:48 - INFO - Actual RGB: [0.91015625 0.91259766 0.89697266]
2023-07-24 15:44:48 - INFO - Accuracy: 99.98%
2023-07-24 15:44:48 - INFO - Color name: Neutral 8 (.23 D)
2023-07-24 15:44:48 - INFO - Expected RGB: [0.587, 0.591, 0.593]
2023-07-24 15:44:48 - INFO - Actual RGB: [0.58691406 0.5913086  0.5932617 ]
2023-07-24 15:44:48 - INFO - Accuracy: 99.98%
2023-07-24 15:44:48 - INFO - Color name: Neutral 6.5 (.44 D)
2023-07-24 15:44:48 - INFO - Expected RGB: [0.361, 0.365, 0.367]
2023-07-24 15:44:48 - INFO - Actual RGB: [0.36132812 0.3647461  0.3671875 ]
2023-07-24 15:44:48 - INFO - Accuracy: 99.97%
2023-07-24 15:44:48 - INFO - Color name: Neutral 5 (.70 D)
2023-07-24 15:44:48 - INFO - Expected RGB: [0.191, 0.191, 0.193]
2023-07-24 15:44:48 - INFO - Actual RGB: [0.19128418 0.19177246 0.19299316]
2023-07-24 15:44:48 - INFO - Accuracy: 99.96%
2023-07-24 15:44:48 - INFO - Color name: Neutral 3.5 (1.05 D)
2023-07-24 15:44:48 - INFO - Expected RGB: [0.088, 0.089, 0.092]
2023-07-24 15:44:48 - INFO - Actual RGB: [0.08795166 0.08892822 0.09204102]
2023-07-24 15:44:48 - INFO - Accuracy: 99.99%
2023-07-24 15:44:48 - INFO - Color name: Black 2 (1.5 D)
2023-07-24 15:44:48 - INFO - Expected RGB: [0.031, 0.031, 0.033]
2023-07-24 15:44:48 - INFO - Actual RGB: [0.03111267 0.03128052 0.03259277]
2023-07-24 15:44:48 - INFO - Accuracy: 99.97%
2023-07-24 15:44:48 - INFO - Color chart validation passed successfully
