2023-07-24 15:44:56 - INFO - ITU_BT2020 Color Check
2023-07-24 15:44:56 - INFO - Loading image...
2023-07-24 15:45:07 - INFO - Successfully loaded ITU-R_BT.2020.exr
2023-07-24 15:45:07 - INFO - Color checking starting...
2023-07-24 15:45:07 - INFO - Color name: Dark Skin
2023-07-24 15:45:07 - INFO - Expected RGB: [0.138, 0.088, 0.061]
2023-07-24 15:45:07 - INFO - Actual RGB: [0.13793945 0.08807373 0.06124878]
2023-07-24 15:45:07 - INFO - Accuracy: 99.99%
2023-07-24 15:45:07 - INFO - Color name: Light Skin
2023-07-24 15:45:07 - INFO - Expected RGB: [0.462, 0.311, 0.232]
2023-07-24 15:45:07 - INFO - Actual RGB: [0.4621582  0.31079102 0.23168945]
2023-07-24 15:45:07 - INFO - Accuracy: 99.98%
2023-07-24 15:45:07 - INFO - Color name: Blue Sky
2023-07-24 15:45:07 - INFO - Expected RGB: [0.145, 0.192, 0.314]
2023-07-24 15:45:07 - INFO - Actual RGB: [0.14453125 0.19165039 0.31420898]
2023-07-24 15:45:07 - INFO - Accuracy: 99.97%
2023-07-24 15:45:07 - INFO - Color name: Foliage
2023-07-24 15:45:07 - INFO - Expected RGB: [0.114, 0.144, 0.062]
2023-07-24 15:45:07 - INFO - Actual RGB: [0.11444092 0.14404297 0.06243896]
2023-07-24 15:45:07 - INFO - Accuracy: 99.97%
2023-07-24 15:45:07 - INFO - Color name: Blue Flower
2023-07-24 15:45:07 - INFO - Expected RGB: [0.23, 0.22, 0.409]
2023-07-24 15:45:07 - INFO - Actual RGB: [0.23010254 0.21984863 0.40942383]
2023-07-24 15:45:07 - INFO - Accuracy: 99.98%
2023-07-24 15:45:07 - INFO - Color name: Bluish Green
2023-07-24 15:45:07 - INFO - Expected RGB: [0.254, 0.484, 0.418]
2023-07-24 15:45:07 - INFO - Actual RGB: [0.2541504  0.484375   0.41796875]
2023-07-24 15:45:07 - INFO - Accuracy: 99.98%
2023-07-24 15:45:07 - INFO - Color name: Orange
2023-07-24 15:45:07 - INFO - Expected RGB: [0.536, 0.236, 0.057]
2023-07-24 15:45:07 - INFO - Actual RGB: [0.53564453 0.23596191 0.0574646 ]
2023-07-24 15:45:07 - INFO - Accuracy: 99.97%
2023-07-24 15:45:07 - INFO - Color name: Purplish Blue
2023-07-24 15:45:07 - INFO - Expected RGB: [0.09, 0.107, 0.368]
2023-07-24 15:45:07 - INFO - Actual RGB: [0.08972168 0.10662842 0.36767578]
2023-07-24 15:45:07 - INFO - Accuracy: 99.97%
2023-07-24 15:45:07 - INFO - Color name: Moderate Red
2023-07-24 15:45:07 - INFO - Expected RGB: [0.389, 0.119, 0.124]
2023-07-24 15:45:07 - INFO - Actual RGB: [0.38916016 0.11859131 0.1237793 ]
2023-07-24 15:45:07 - INFO - Accuracy: 99.97%
2023-07-24 15:45:07 - INFO - Color name: Purple
2023-07-24 15:45:07 - INFO - Expected RGB: [0.09, 0.049, 0.132]
2023-07-24 15:45:07 - INFO - Actual RGB: [0.09039307 0.04873657 0.13244629]
2023-07-24 15:45:07 - INFO - Accuracy: 99.96%
2023-07-24 15:45:07 - INFO - Color name: Yellow Green
2023-07-24 15:45:07 - INFO - Expected RGB: [0.384, 0.49, 0.1]
2023-07-24 15:45:07 - INFO - Actual RGB: [0.3840332  0.4897461  0.10009766]
2023-07-24 15:45:07 - INFO - Accuracy: 99.99%
2023-07-24 15:45:07 - INFO - Color name: Orange Yellow
2023-07-24 15:45:07 - INFO - Expected RGB: [0.616, 0.384, 0.067]
2023-07-24 15:45:07 - INFO - Actual RGB: [0.61621094 0.38427734 0.06732178]
2023-07-24 15:45:07 - INFO - Accuracy: 99.97%
2023-07-24 15:45:07 - INFO - Color name: Blue
2023-07-24 15:45:07 - INFO - Expected RGB: [0.041, 0.052, 0.263]
2023-07-24 15:45:07 - INFO - Actual RGB: [0.0411377  0.05181885 0.26342773]
2023-07-24 15:45:07 - INFO - Accuracy: 99.98%
2023-07-24 15:45:07 - INFO - Color name: Green
2023-07-24 15:45:07 - INFO - Expected RGB: [0.136, 0.279, 0.092]
2023-07-24 15:45:07 - INFO - Actual RGB: [0.13562012 0.27929688 0.09155273]
2023-07-24 15:45:07 - INFO - Accuracy: 99.96%
2023-07-24 15:45:07 - INFO - Color name: Red
2023-07-24 15:45:07 - INFO - Expected RGB: [0.298, 0.06, 0.047]
2023-07-24 15:45:07 - INFO - Actual RGB: [0.2980957  0.06027222 0.04684448]
2023-07-24 15:45:07 - INFO - Accuracy: 99.98%
2023-07-24 15:45:07 - INFO - Color name: Yellow
2023-07-24 15:45:07 - INFO - Expected RGB: [0.722, 0.579, 0.077]
2023-07-24 15:45:07 - INFO - Actual RGB: [0.72216797 0.5786133  0.07696533]
2023-07-24 15:45:07 - INFO - Accuracy: 99.98%
2023-07-24 15:45:07 - INFO - Color name: Magenta
2023-07-24 15:45:07 - INFO - Expected RGB: [0.379, 0.123, 0.29]
2023-07-24 15:45:07 - INFO - Actual RGB: [0.3786621  0.12329102 0.28955078]
2023-07-24 15:45:07 - INFO - Accuracy: 99.96%
2023-07-24 15:45:07 - INFO - Color name: Cyan
2023-07-24 15:45:07 - INFO - Expected RGB: [0.076, 0.23, 0.378]
2023-07-24 15:45:07 - INFO - Actual RGB: [0.07580566 0.22961426 0.3779297 ]
2023-07-24 15:45:07 - INFO - Accuracy: 99.98%
2023-07-24 15:45:07 - INFO - Color name: White 9.5 (.05 D)
2023-07-24 15:45:07 - INFO - Expected RGB: [0.912, 0.915, 0.896]
2023-07-24 15:45:07 - INFO - Actual RGB: [0.9121094 0.9145508 0.8964844]
2023-07-24 15:45:07 - INFO - Accuracy: 99.97%
2023-07-24 15:45:07 - INFO - Color name: Neutral 8 (.23 D)
2023-07-24 15:45:07 - INFO - Expected RGB: [0.584, 0.591, 0.593]
2023-07-24 15:45:07 - INFO - Actual RGB: [0.58447266 0.5913086  0.5932617 ]
2023-07-24 15:45:07 - INFO - Accuracy: 99.97%
2023-07-24 15:45:07 - INFO - Color name: Neutral 6.5 (.44 D)
2023-07-24 15:45:07 - INFO - Expected RGB: [0.359, 0.365, 0.367]
2023-07-24 15:45:07 - INFO - Actual RGB: [0.35888672 0.3647461  0.3671875 ]
2023-07-24 15:45:07 - INFO - Accuracy: 99.98%
2023-07-24 15:45:07 - INFO - Color name: Neutral 5 (.70 D)
2023-07-24 15:45:07 - INFO - Expected RGB: [0.191, 0.192, 0.193]
2023-07-24 15:45:07 - INFO - Actual RGB: [0.1907959  0.19165039 0.19299316]
2023-07-24 15:45:07 - INFO - Accuracy: 99.98%
2023-07-24 15:45:07 - INFO - Color name: Neutral 3.5 (1.05 D)
2023-07-24 15:45:07 - INFO - Expected RGB: [0.087, 0.089, 0.092]
2023-07-24 15:45:07 - INFO - Actual RGB: [0.08679199 0.08868408 0.09210205]
2023-07-24 15:45:07 - INFO - Accuracy: 99.98%
2023-07-24 15:45:07 - INFO - Color name: Black 2 (1.5 D)
2023-07-24 15:45:07 - INFO - Expected RGB: [0.031, 0.031, 0.033]
2023-07-24 15:45:07 - INFO - Actual RGB: [0.03076172 0.03114319 0.03262329]
2023-07-24 15:45:07 - INFO - Accuracy: 99.97%
2023-07-24 15:45:07 - INFO - Color chart validation passed successfully
