2023-07-24 15:44:35 - INFO - RGB Color Check
2023-07-24 15:44:35 - INFO - Loading image, please wait...
2023-07-24 15:44:35 - INFO - Successfully loaded RGB_1920_1080.tif
2023-07-24 15:44:35 - INFO - Color checking starting...
2023-07-24 15:44:35 - INFO - RGB Color Check
2023-07-24 15:44:35 - INFO - Loading image...
2023-07-24 15:44:35 - INFO - Successfully loaded RGB_1920_1080.tif
2023-07-24 15:44:35 - INFO - Color checking starting...
2023-07-24 15:44:35 - INFO - Color name: Dark Skin
2023-07-24 15:44:35 - INFO - Expected RGB: [0.451, 0.322, 0.267]
2023-07-24 15:44:35 - INFO - Actual RGB: [0.45098039 0.32156863 0.26666667]
2023-07-24 15:44:35 - INFO - Accuracy: 100.00%
2023-07-24 15:44:35 - INFO - Color name: Light Skin
2023-07-24 15:44:35 - INFO - Expected RGB: [0.761, 0.588, 0.510]
2023-07-24 15:44:35 - INFO - Actual RGB: [0.76078431 0.58823529 0.50980392]
2023-07-24 15:44:35 - INFO - Accuracy: 100.00%
2023-07-24 15:44:35 - INFO - Color name: Blue Sky
2023-07-24 15:44:35 - INFO - Expected RGB: [0.384, 0.478, 0.616]
2023-07-24 15:44:35 - INFO - Actual RGB: [0.38431373 0.47843137 0.61568627]
2023-07-24 15:44:35 - INFO - Accuracy: 100.00%
2023-07-24 15:44:35 - INFO - Color name: Foliage
2023-07-24 15:44:35 - INFO - Expected RGB: [0.341, 0.424, 0.263]
2023-07-24 15:44:35 - INFO - Actual RGB: [0.34117647 0.42352941 0.2627451 ]
2023-07-24 15:44:35 - INFO - Accuracy: 100.00%
2023-07-24 15:44:35 - INFO - Color name: Blue Flower
2023-07-24 15:44:35 - INFO - Expected RGB: [0.522, 0.502, 0.694]
2023-07-24 15:44:35 - INFO - Actual RGB: [0.52156863 0.50196078 0.69411765]
2023-07-24 15:44:35 - INFO - Accuracy: 100.00%
2023-07-24 15:44:35 - INFO - Color name: Bluish Green
2023-07-24 15:44:35 - INFO - Expected RGB: [0.404, 0.741, 0.667]
2023-07-24 15:44:35 - INFO - Actual RGB: [0.40392157 0.74117647 0.66666667]
2023-07-24 15:44:35 - INFO - Accuracy: 100.00%
2023-07-24 15:44:35 - INFO - Color name: Orange
2023-07-24 15:44:35 - INFO - Expected RGB: [0.839, 0.494, 0.173]
2023-07-24 15:44:35 - INFO - Actual RGB: [0.83921569 0.49411765 0.17254902]
2023-07-24 15:44:35 - INFO - Accuracy: 100.00%
2023-07-24 15:44:35 - INFO - Color name: Purplish Blue
2023-07-24 15:44:35 - INFO - Expected RGB: [0.314, 0.357, 0.651]
2023-07-24 15:44:35 - INFO - Actual RGB: [0.31372549 0.35686275 0.65098039]
2023-07-24 15:44:35 - INFO - Accuracy: 100.00%
2023-07-24 15:44:35 - INFO - Color name: Moderate Red
2023-07-24 15:44:35 - INFO - Expected RGB: [0.757, 0.353, 0.388]
2023-07-24 15:44:35 - INFO - Actual RGB: [0.75686275 0.35294118 0.38823529]
2023-07-24 15:44:35 - INFO - Accuracy: 100.00%
2023-07-24 15:44:35 - INFO - Color name: Purple
2023-07-24 15:44:35 - INFO - Expected RGB: [0.369, 0.235, 0.424]
2023-07-24 15:44:35 - INFO - Actual RGB: [0.36862745 0.23529412 0.42352941]
2023-07-24 15:44:35 - INFO - Accuracy: 100.00%
2023-07-24 15:44:35 - INFO - Color name: Yellow Green
2023-07-24 15:44:35 - INFO - Expected RGB: [0.616, 0.737, 0.251]
2023-07-24 15:44:35 - INFO - Actual RGB: [0.61568627 0.7372549  0.25098039]
2023-07-24 15:44:35 - INFO - Accuracy: 100.00%
2023-07-24 15:44:35 - INFO - Color name: Orange Yellow
2023-07-24 15:44:35 - INFO - Expected RGB: [0.878, 0.639, 0.180]
2023-07-24 15:44:35 - INFO - Actual RGB: [0.87843137 0.63921569 0.18039216]
2023-07-24 15:44:35 - INFO - Accuracy: 100.00%
2023-07-24 15:44:35 - INFO - Color name: Blue
2023-07-24 15:44:35 - INFO - Expected RGB: [0.220, 0.239, 0.588]
2023-07-24 15:44:35 - INFO - Actual RGB: [0.21960784 0.23921569 0.58823529]
2023-07-24 15:44:35 - INFO - Accuracy: 100.00%
2023-07-24 15:44:35 - INFO - Color name: Green
2023-07-24 15:44:35 - INFO - Expected RGB: [0.275, 0.580, 0.286]
2023-07-24 15:44:35 - INFO - Actual RGB: [0.2745098  0.58039216 0.28627451]
2023-07-24 15:44:35 - INFO - Accuracy: 100.00%
2023-07-24 15:44:35 - INFO - Color name: Red
2023-07-24 15:44:35 - INFO - Expected RGB: [0.686, 0.212, 0.235]
2023-07-24 15:44:35 - INFO - Actual RGB: [0.68627451 0.21176471 0.23529412]
2023-07-24 15:44:35 - INFO - Accuracy: 100.00%
2023-07-24 15:44:35 - INFO - Color name: Yellow
2023-07-24 15:44:35 - INFO - Expected RGB: [0.906, 0.780, 0.122]
2023-07-24 15:44:35 - INFO - Actual RGB: [0.90588235 0.78039216 0.12156863]
2023-07-24 15:44:35 - INFO - Accuracy: 100.00%
2023-07-24 15:44:35 - INFO - Color name: Magenta
2023-07-24 15:44:35 - INFO - Expected RGB: [0.733, 0.337, 0.584]
2023-07-24 15:44:35 - INFO - Actual RGB: [0.73333333 0.3372549  0.58431373]
2023-07-24 15:44:35 - INFO - Accuracy: 100.00%
2023-07-24 15:44:35 - INFO - Color name: Cyan
2023-07-24 15:44:35 - INFO - Expected RGB: [0.031, 0.522, 0.631]
2023-07-24 15:44:35 - INFO - Actual RGB: [0.03137255 0.52156863 0.63137255]
2023-07-24 15:44:35 - INFO - Accuracy: 100.00%
2023-07-24 15:44:35 - INFO - Color name: White 9.5 (.05 D)
2023-07-24 15:44:35 - INFO - Expected RGB: [0.953, 0.953, 0.953]
2023-07-24 15:44:35 - INFO - Actual RGB: [0.95294118 0.95294118 0.94901961]
2023-07-24 15:44:35 - INFO - Accuracy: 99.87%
2023-07-24 15:44:35 - INFO - Color name: Neutral 8 (.23 D)
2023-07-24 15:44:35 - INFO - Expected RGB: [0.784, 0.784, 0.784]
2023-07-24 15:44:35 - INFO - Actual RGB: [0.78431373 0.78431373 0.78431373]
2023-07-24 15:44:35 - INFO - Accuracy: 100.00%
2023-07-24 15:44:35 - INFO - Color name: Neutral 6.5 (.44 D)
2023-07-24 15:44:35 - INFO - Expected RGB: [0.627, 0.627, 0.627]
2023-07-24 15:44:35 - INFO - Actual RGB: [0.62745098 0.62745098 0.62745098]
2023-07-24 15:44:35 - INFO - Accuracy: 100.00%
2023-07-24 15:44:35 - INFO - Color name: Neutral 5 (.70 D)
2023-07-24 15:44:35 - INFO - Expected RGB: [0.478, 0.478, 0.475]
2023-07-24 15:44:35 - INFO - Actual RGB: [0.47843137 0.47843137 0.4745098 ]
2023-07-24 15:44:35 - INFO - Accuracy: 100.00%
2023-07-24 15:44:35 - INFO - Color name: Neutral 3.5 (1.05 D)
2023-07-24 15:44:35 - INFO - Expected RGB: [0.333, 0.333, 0.333]
2023-07-24 15:44:35 - INFO - Actual RGB: [0.33333333 0.33333333 0.33333333]
2023-07-24 15:44:35 - INFO - Accuracy: 100.00%
2023-07-24 15:44:35 - INFO - Color name: Black 2 (1.5 D)
2023-07-24 15:44:35 - INFO - Expected RGB: [0.204, 0.204, 0.204]
2023-07-24 15:44:35 - INFO - Actual RGB: [0.20392157 0.20392157 0.20392157]
2023-07-24 15:44:35 - INFO - Accuracy: 100.00%
2023-07-24 15:44:35 - INFO - Validation Summary:
2023-07-24 15:44:35 - INFO - Passed checks: 24
2023-07-24 15:44:35 - INFO - Failed checks: 0
2023-07-24 15:44:35 - INFO - Overall accuracy: 99.99%
2023-07-24 15:44:35 - INFO - Color chart validation passed successfully
